<?xml version="1.0" encoding="UTF-8"?>
<testsuite xmlns:xsi="http://www.w3.org/2001/XMLSchema-instance" xsi:noNamespaceSchemaLocation="https://maven.apache.org/surefire/maven-surefire-plugin/xsd/surefire-test-report.xsd" version="3.0.2" name="com.librarymanagementsystem.librarymanagementSystem.LibrarymanagementSystemApplicationTests" time="5.675" tests="1" errors="0" skipped="0" failures="0">
  <properties>
[...]
</properties>
  <testcase name="contextLoads" classname="com.librarymanagementsystem.librarymanagementSystem.LibrarymanagementSystemApplicationTests" time="0.369">
    <system-out><![CDATA[16:19:15.889 [main] INFO org.springframework.test.context.support.AnnotationConfigContextLoaderUtils -- Could not detect default configuration classes for test class [com.librarymanagementsystem.librarymanagementSystem.LibrarymanagementSystemApplicationTests]: LibrarymanagementSystemApplicationTests does not declare any static, non-private, non-final, nested classes annotated with @Configuration.
16:19:16.022 [main] INFO org.springframework.boot.test.context.SpringBootTestContextBootstrapper -- Found @SpringBootConfiguration com.librarymanagementsystem.librarymanagementSystem.LibrarymanagementSystemApplication for test class com.librarymanagementsystem.librarymanagementSystem.LibrarymanagementSystemApplicationTests
16:19:16.198 [main] INFO org.springframework.boot.devtools.restart.RestartApplicationListener -- Restart disabled due to context in which it is running

  .   ____          _            __ _ _
 /\\ / ___'_ __ _ _(_)_ __  __ _ \ \ \ \
( ( )\___ | '_ | '_| | '_ \/ _` | \ \ \ \
 \\/  ___)| |_)| | | | | || (_| |  ) ) ) )
  '  |____| .__|_| |_|_| |_\__, | / / / /
 =========|_|==============|___/=/_/_/_/

 :: Spring Boot ::                (v3.5.6)

2025-10-24T16:19:16.514+05:30  INFO 15960 --- [LibraryManagementSystem] [           main] .LibrarymanagementSystemApplicationTests : Starting LibrarymanagementSystemApplicationTests using Java 25 with PID 15960 (started by vijayaditya in D:\librarymanagementSystem)
2025-10-24T16:19:16.516+05:30  INFO 15960 --- [LibraryManagementSystem] [           main] .LibrarymanagementSystemApplicationTests : No active profile set, falling back to 1 default profile: "default"
2025-10-24T16:19:17.244+05:30  INFO 15960 --- [LibraryManagementSystem] [           main] .s.d.r.c.RepositoryConfigurationDelegate : Bootstrapping Spring Data JPA repositories in DEFAULT mode.
2025-10-24T16:19:17.311+05:30  INFO 15960 --- [LibraryManagementSystem] [           main] .s.d.r.c.RepositoryConfigurationDelegate : Finished Spring Data repository scanning in 58 ms. Found 3 JPA repository interfaces.
2025-10-24T16:19:17.829+05:30  INFO 15960 --- [LibraryManagementSystem] [           main] o.hibernate.jpa.internal.util.LogHelper  : HHH000204: Processing PersistenceUnitInfo [name: default]
2025-10-24T16:19:17.909+05:30  INFO 15960 --- [LibraryManagementSystem] [           main] org.hibernate.Version                    : HHH000412: Hibernate ORM core version 6.6.29.Final
2025-10-24T16:19:17.957+05:30  INFO 15960 --- [LibraryManagementSystem] [           main] o.h.c.internal.RegionFactoryInitiator    : HHH000026: Second-level cache disabled
2025-10-24T16:19:18.400+05:30  INFO 15960 --- [LibraryManagementSystem] [           main] o.s.o.j.p.SpringPersistenceUnitInfo      : No LoadTimeWeaver setup: ignoring JPA class transformer
2025-10-24T16:19:18.435+05:30  INFO 15960 --- [LibraryManagementSystem] [           main] com.zaxxer.hikari.HikariDataSource       : HikariPool-1 - Starting...
2025-10-24T16:19:18.813+05:30  INFO 15960 --- [LibraryManagementSystem] [           main] com.zaxxer.hikari.pool.HikariPool        : HikariPool-1 - Added connection com.mysql.cj.jdbc.ConnectionImpl@359e27d2
2025-10-24T16:19:18.814+05:30  INFO 15960 --- [LibraryManagementSystem] [           main] com.zaxxer.hikari.HikariDataSource       : HikariPool-1 - Start completed.
2025-10-24T16:19:18.876+05:30  WARN 15960 --- [LibraryManagementSystem] [           main] org.hibernate.orm.deprecation            : HHH90000025: MySQL8Dialect does not need to be specified explicitly using 'hibernate.dialect' (remove the property setting and it will be selected by default)
2025-10-24T16:19:18.877+05:30  WARN 15960 --- [LibraryManagementSystem] [           main] org.hibernate.orm.deprecation            : HHH90000026: MySQL8Dialect has been deprecated; use org.hibernate.dialect.MySQLDialect instead
2025-10-24T16:19:18.898+05:30  INFO 15960 --- [LibraryManagementSystem] [           main] org.hibernate.orm.connections.pooling    : HHH10001005: Database info:
	Database JDBC URL [Connecting through datasource 'HikariDataSource (HikariPool-1)']
	Database driver: undefined/unknown
	Database version: 8.0
	Autocommit mode: undefined/unknown
	Isolation level: undefined/unknown
	Minimum pool size: undefined/unknown
	Maximum pool size: undefined/unknown
2025-10-24T16:19:19.850+05:30  INFO 15960 --- [LibraryManagementSystem] [           main] o.h.e.t.j.p.i.JtaPlatformInitiator       : HHH000489: No JTA platform available (set 'hibernate.transaction.jta.platform' to enable JTA platform integration)
2025-10-24T16:19:19.985+05:30  INFO 15960 --- [LibraryManagementSystem] [           main] j.LocalContainerEntityManagerFactoryBean : Initialized JPA EntityManagerFactory for persistence unit 'default'
2025-10-24T16:19:20.553+05:30  WARN 15960 --- [LibraryManagementSystem] [           main] JpaBaseConfiguration$JpaWebConfiguration : spring.jpa.open-in-view is enabled by default. Therefore, database queries may be performed during view rendering. Explicitly configure spring.jpa.open-in-view to disable this warning
2025-10-24T16:19:21.019+05:30  INFO 15960 --- [LibraryManagementSystem] [           main] .LibrarymanagementSystemApplicationTests : Started LibrarymanagementSystemApplicationTests in 4.838 seconds (process running for 5.838)
]]></system-out>
    <system-err><![CDATA[Mockito is currently self-attaching to enable the inline-mock-maker. This will no longer work in future releases of the JDK. Please add Mockito as an agent to your build as described in Mockito's documentation: https://javadoc.io/doc/org.mockito/mockito-core/latest/org.mockito/org/mockito/Mockito.html#0.3
WARNING: A Java agent has been loaded dynamically (C:\Users\vijayaditya\.m2\repository\net\bytebuddy\byte-buddy-agent\1.17.7\byte-buddy-agent-1.17.7.jar)
WARNING: If a serviceability tool is in use, please run with -XX:+EnableDynamicAgentLoading to hide this warning
WARNING: If a serviceability tool is not in use, please run with -Djdk.instrument.traceUsage for more information
WARNING: Dynamic loading of agents will be disallowed by default in a future release
]]></system-err>
  </testcase>
</testsuite>